[TEST] JOIN too many channels
[START] 2026-04-01T14:50:28.852439
Server is ready to start.
Server is running on port 6667...
[+] A new client has connected. Fd: 4
[+] Client(FD: 4) has successfully logged in.
[+] Channel created: #c1
[*] jmax29160 is now the operator of #c1
[+] Channel created: #c2
[*] jmax29160 is now the operator of #c2
[+] Channel created: #c3
[*] jmax29160 is now the operator of #c3
[+] Channel created: #c4
[*] jmax29160 is now the operator of #c4
[+] Channel created: #c5
[*] jmax29160 is now the operator of #c5
[+] Channel created: #c6
[*] jmax29160 is now the operator of #c6
[+] Channel created: #c7
[*] jmax29160 is now the operator of #c7
[+] Channel created: #c8
[*] jmax29160 is now the operator of #c8
[+] Channel created: #c9
[*] jmax29160 is now the operator of #c9
[+] Channel created: #c10
[*] jmax29160 is now the operator of #c10
[+] Channel created: #c11
[*] jmax29160 is now the operator of #c11
[+] Channel created: #c12
[*] jmax29160 is now the operator of #c12
[+] Channel created: #c13
[*] jmax29160 is now the operator of #c13
[+] Channel created: #c14
[*] jmax29160 is now the operator of #c14
[+] Channel created: #c15
[*] jmax29160 is now the operator of #c15
[+] Channel created: #c16
[*] jmax29160 is now the operator of #c16
[+] Channel created: #c17
[*] jmax29160 is now the operator of #c17
[+] Channel created: #c18
[*] jmax29160 is now the operator of #c18
[+] Channel created: #c19
[*] jmax29160 is now the operator of #c19
[+] Channel created: #c20
[*] jmax29160 is now the operator of #c20
[+] Channel created: #c21
[*] jmax29160 is now the operator of #c21
[+] Channel created: #c22
[*] jmax29160 is now the operator of #c22
[+] Channel created: #c23
[*] jmax29160 is now the operator of #c23
[+] Channel created: #c24
[*] jmax29160 is now the operator of #c24
[+] Channel created: #c25
[*] jmax29160 is now the operator of #c25
[+] Channel created: #c26
[*] jmax29160 is now the operator of #c26
[+] Channel created: #c27
[*] jmax29160 is now the operator of #c27
[+] Channel created: #c28
[*] jmax29160 is now the operator of #c28
[+] Channel created: #c29
[*] jmax29160 is now the operator of #c29
[+] Channel created: #c30
[*] jmax29160 is now the operator of #c30
[!] Socket error or hangup detected. Fd: 4
[-] Channel deleted (no member): #c1
[-] Channel deleted (no member): #c10
[-] Channel deleted (no member): #c11
[-] Channel deleted (no member): #c12
[-] Channel deleted (no member): #c13
[-] Channel deleted (no member): #c14
[-] Channel deleted (no member): #c15
[-] Channel deleted (no member): #c16
[-] Channel deleted (no member): #c17
[-] Channel deleted (no member): #c18
[-] Channel deleted (no member): #c19
[-] Channel deleted (no member): #c2
[-] Channel deleted (no member): #c20
[-] Channel deleted (no member): #c21
[-] Channel deleted (no member): #c22
[-] Channel deleted (no member): #c23
[-] Channel deleted (no member): #c24
[-] Channel deleted (no member): #c25
[-] Channel deleted (no member): #c26
[-] Channel deleted (no member): #c27
[-] Channel deleted (no member): #c28
[-] Channel deleted (no member): #c29
[-] Channel deleted (no member): #c3
[-] Channel deleted (no member): #c30
[-] Channel deleted (no member): #c4
[-] Channel deleted (no member): #c5
[-] Channel deleted (no member): #c6
[-] Channel deleted (no member): #c7
[-] Channel deleted (no member): #c8
[-] Channel deleted (no member): #c9
Server shutdown...
Server socket closed.
[END] 2026-04-01T14:51:31.506608
